<?xml version="1.0" encoding="UTF-8"?>
<testsuite xmlns:xsi="http://www.w3.org/2001/XMLSchema-instance" xsi:noNamespaceSchemaLocation="https://maven.apache.org/surefire/maven-surefire-plugin/xsd/surefire-test-report.xsd" name="TestSuite" time="4.826" tests="1" errors="0" skipped="0" failures="0">
  <properties>
    <property name="awt.toolkit" value="sun.lwawt.macosx.LWCToolkit"/>
    <property name="java.specification.version" value="12"/>
    <property name="sun.jnu.encoding" value="UTF-8"/>
    <property name="java.class.path" value="/Users/bratislav.miletic/Documents/test/target/test-classes:/Users/bratislav.miletic/Documents/test/target/classes:/Users/bratislav.miletic/.m2/repository/com/fasterxml/jackson/core/jackson-annotations/2.9.0/jackson-annotations-2.9.0.jar:/Users/bratislav.miletic/.m2/repository/org/projectlombok/lombok/1.18.4/lombok-1.18.4.jar:/Users/bratislav.miletic/.m2/repository/org/testng/testng/6.14.3/testng-6.14.3.jar:/Users/bratislav.miletic/.m2/repository/com/beust/jcommander/1.72/jcommander-1.72.jar:/Users/bratislav.miletic/.m2/repository/org/apache-extras/beanshell/bsh/2.0b6/bsh-2.0b6.jar:/Users/bratislav.miletic/.m2/repository/com/jayway/restassured/rest-assured/2.9.0/rest-assured-2.9.0.jar:/Users/bratislav.miletic/.m2/repository/org/codehaus/groovy/groovy/2.4.4/groovy-2.4.4.jar:/Users/bratislav.miletic/.m2/repository/org/codehaus/groovy/groovy-xml/2.4.4/groovy-xml-2.4.4.jar:/Users/bratislav.miletic/.m2/repository/org/apache/httpcomponents/httpclient/4.5.1/httpclient-4.5.1.jar:/Users/bratislav.miletic/.m2/repository/org/apache/httpcomponents/httpcore/4.4.3/httpcore-4.4.3.jar:/Users/bratislav.miletic/.m2/repository/commons-logging/commons-logging/1.2/commons-logging-1.2.jar:/Users/bratislav.miletic/.m2/repository/commons-codec/commons-codec/1.9/commons-codec-1.9.jar:/Users/bratislav.miletic/.m2/repository/org/apache/httpcomponents/httpmime/4.5.1/httpmime-4.5.1.jar:/Users/bratislav.miletic/.m2/repository/org/hamcrest/hamcrest-core/1.3/hamcrest-core-1.3.jar:/Users/bratislav.miletic/.m2/repository/org/hamcrest/hamcrest-library/1.3/hamcrest-library-1.3.jar:/Users/bratislav.miletic/.m2/repository/org/ccil/cowan/tagsoup/tagsoup/1.2.1/tagsoup-1.2.1.jar:/Users/bratislav.miletic/.m2/repository/com/jayway/restassured/json-path/2.9.0/json-path-2.9.0.jar:/Users/bratislav.miletic/.m2/repository/org/codehaus/groovy/groovy-json/2.4.4/groovy-json-2.4.4.jar:/Users/bratislav.miletic/.m2/repository/com/jayway/restassured/rest-assured-common/2.9.0/rest-assured-common-2.9.0.jar:/Users/bratislav.miletic/.m2/repository/com/jayway/restassured/xml-path/2.9.0/xml-path-2.9.0.jar:/Users/bratislav.miletic/.m2/repository/org/assertj/assertj-core/3.13.2/assertj-core-3.13.2.jar:/Users/bratislav.miletic/.m2/repository/org/sonatype/sisu/sisu-guice/2.1.7/sisu-guice-2.1.7.jar:/Users/bratislav.miletic/.m2/repository/javax/inject/javax.inject/1/javax.inject-1.jar:/Users/bratislav.miletic/.m2/repository/aopalliance/aopalliance/1.0/aopalliance-1.0.jar:/Users/bratislav.miletic/.m2/repository/com/squareup/retrofit2/retrofit/2.4.0/retrofit-2.4.0.jar:/Users/bratislav.miletic/.m2/repository/com/squareup/okhttp3/okhttp/3.10.0/okhttp-3.10.0.jar:/Users/bratislav.miletic/.m2/repository/com/squareup/okio/okio/1.14.0/okio-1.14.0.jar:/Users/bratislav.miletic/.m2/repository/com/fasterxml/jackson/core/jackson-databind/2.9.7/jackson-databind-2.9.7.jar:/Users/bratislav.miletic/.m2/repository/com/fasterxml/jackson/core/jackson-core/2.9.7/jackson-core-2.9.7.jar:/Users/bratislav.miletic/.m2/repository/com/fasterxml/jackson/datatype/jackson-datatype-jsr310/2.9.7/jackson-datatype-jsr310-2.9.7.jar:/Users/bratislav.miletic/.m2/repository/io/qameta/allure/allure-java-commons/2.7.0/allure-java-commons-2.7.0.jar:/Users/bratislav.miletic/.m2/repository/io/qameta/allure/allure2-model-api/1.0.0/allure2-model-api-1.0.0.jar:/Users/bratislav.miletic/.m2/repository/io/qameta/allure/allure2-model-pojo/1.0.0/allure2-model-pojo-1.0.0.jar:/Users/bratislav.miletic/.m2/repository/org/apache/tika/tika-core/1.14/tika-core-1.14.jar:/Users/bratislav.miletic/.m2/repository/io/qameta/allure/allure2-model-jackson/1.0.0/allure2-model-jackson-1.0.0.jar:/Users/bratislav.miletic/.m2/repository/com/fasterxml/jackson/module/jackson-module-jaxb-annotations/2.7.0/jackson-module-jaxb-annotations-2.7.0.jar:/Users/bratislav.miletic/.m2/repository/org/apache/commons/commons-lang3/3.7/commons-lang3-3.7.jar:/Users/bratislav.miletic/.m2/repository/org/aspectj/aspectjrt/1.9.1/aspectjrt-1.9.1.jar:/Users/bratislav.miletic/.m2/repository/org/jooq/joor-java-8/0.9.9/joor-java-8-0.9.9.jar:/Users/bratislav.miletic/.m2/repository/org/slf4j/slf4j-api/1.7.25/slf4j-api-1.7.25.jar:/Users/bratislav.miletic/.m2/repository/io/qameta/allure/allure-okhttp3/2.7.0/allure-okhttp3-2.7.0.jar:/Users/bratislav.miletic/.m2/repository/io/qameta/allure/allure-attachments/2.7.0/allure-attachments-2.7.0.jar:/Users/bratislav.miletic/.m2/repository/org/freemarker/freemarker/2.3.28/freemarker-2.3.28.jar:/Users/bratislav.miletic/.m2/repository/com/squareup/retrofit2/converter-jackson/2.4.0/converter-jackson-2.4.0.jar:/Users/bratislav.miletic/.m2/repository/javax/mail/mail/1.4/mail-1.4.jar:/Users/bratislav.miletic/.m2/repository/javax/activation/activation/1.1/activation-1.1.jar:/Users/bratislav.miletic/.m2/repository/javax/xml/bind/jaxb-api/2.3.0/jaxb-api-2.3.0.jar:"/>
    <property name="java.vm.vendor" value="Oracle Corporation"/>
    <property name="sun.arch.data.model" value="64"/>
    <property name="java.vendor.url" value="https://java.oracle.com/"/>
    <property name="os.name" value="Mac OS X"/>
    <property name="java.vm.specification.version" value="12"/>
    <property name="sun.java.launcher" value="SUN_STANDARD"/>
    <property name="user.country" value="US"/>
    <property name="sun.boot.library.path" value="/Library/Java/JavaVirtualMachines/openjdk-12.0.1.jdk/Contents/Home/lib"/>
    <property name="sun.java.command" value="/Users/bratislav.miletic/Documents/test/target/surefire/surefirebooter10420608498022686886.jar /Users/bratislav.miletic/Documents/test/target/surefire 2019-08-24T11-54-28_689-jvmRun1 surefire4601903298099508476tmp surefire_07319528060201936412tmp"/>
    <property name="jdk.debug" value="release"/>
    <property name="surefire.test.class.path" value="/Users/bratislav.miletic/Documents/test/target/test-classes:/Users/bratislav.miletic/Documents/test/target/classes:/Users/bratislav.miletic/.m2/repository/com/fasterxml/jackson/core/jackson-annotations/2.9.0/jackson-annotations-2.9.0.jar:/Users/bratislav.miletic/.m2/repository/org/projectlombok/lombok/1.18.4/lombok-1.18.4.jar:/Users/bratislav.miletic/.m2/repository/org/testng/testng/6.14.3/testng-6.14.3.jar:/Users/bratislav.miletic/.m2/repository/com/beust/jcommander/1.72/jcommander-1.72.jar:/Users/bratislav.miletic/.m2/repository/org/apache-extras/beanshell/bsh/2.0b6/bsh-2.0b6.jar:/Users/bratislav.miletic/.m2/repository/com/jayway/restassured/rest-assured/2.9.0/rest-assured-2.9.0.jar:/Users/bratislav.miletic/.m2/repository/org/codehaus/groovy/groovy/2.4.4/groovy-2.4.4.jar:/Users/bratislav.miletic/.m2/repository/org/codehaus/groovy/groovy-xml/2.4.4/groovy-xml-2.4.4.jar:/Users/bratislav.miletic/.m2/repository/org/apache/httpcomponents/httpclient/4.5.1/httpclient-4.5.1.jar:/Users/bratislav.miletic/.m2/repository/org/apache/httpcomponents/httpcore/4.4.3/httpcore-4.4.3.jar:/Users/bratislav.miletic/.m2/repository/commons-logging/commons-logging/1.2/commons-logging-1.2.jar:/Users/bratislav.miletic/.m2/repository/commons-codec/commons-codec/1.9/commons-codec-1.9.jar:/Users/bratislav.miletic/.m2/repository/org/apache/httpcomponents/httpmime/4.5.1/httpmime-4.5.1.jar:/Users/bratislav.miletic/.m2/repository/org/hamcrest/hamcrest-core/1.3/hamcrest-core-1.3.jar:/Users/bratislav.miletic/.m2/repository/org/hamcrest/hamcrest-library/1.3/hamcrest-library-1.3.jar:/Users/bratislav.miletic/.m2/repository/org/ccil/cowan/tagsoup/tagsoup/1.2.1/tagsoup-1.2.1.jar:/Users/bratislav.miletic/.m2/repository/com/jayway/restassured/json-path/2.9.0/json-path-2.9.0.jar:/Users/bratislav.miletic/.m2/repository/org/codehaus/groovy/groovy-json/2.4.4/groovy-json-2.4.4.jar:/Users/bratislav.miletic/.m2/repository/com/jayway/restassured/rest-assured-common/2.9.0/rest-assured-common-2.9.0.jar:/Users/bratislav.miletic/.m2/repository/com/jayway/restassured/xml-path/2.9.0/xml-path-2.9.0.jar:/Users/bratislav.miletic/.m2/repository/org/assertj/assertj-core/3.13.2/assertj-core-3.13.2.jar:/Users/bratislav.miletic/.m2/repository/org/sonatype/sisu/sisu-guice/2.1.7/sisu-guice-2.1.7.jar:/Users/bratislav.miletic/.m2/repository/javax/inject/javax.inject/1/javax.inject-1.jar:/Users/bratislav.miletic/.m2/repository/aopalliance/aopalliance/1.0/aopalliance-1.0.jar:/Users/bratislav.miletic/.m2/repository/com/squareup/retrofit2/retrofit/2.4.0/retrofit-2.4.0.jar:/Users/bratislav.miletic/.m2/repository/com/squareup/okhttp3/okhttp/3.10.0/okhttp-3.10.0.jar:/Users/bratislav.miletic/.m2/repository/com/squareup/okio/okio/1.14.0/okio-1.14.0.jar:/Users/bratislav.miletic/.m2/repository/com/fasterxml/jackson/core/jackson-databind/2.9.7/jackson-databind-2.9.7.jar:/Users/bratislav.miletic/.m2/repository/com/fasterxml/jackson/core/jackson-core/2.9.7/jackson-core-2.9.7.jar:/Users/bratislav.miletic/.m2/repository/com/fasterxml/jackson/datatype/jackson-datatype-jsr310/2.9.7/jackson-datatype-jsr310-2.9.7.jar:/Users/bratislav.miletic/.m2/repository/io/qameta/allure/allure-java-commons/2.7.0/allure-java-commons-2.7.0.jar:/Users/bratislav.miletic/.m2/repository/io/qameta/allure/allure2-model-api/1.0.0/allure2-model-api-1.0.0.jar:/Users/bratislav.miletic/.m2/repository/io/qameta/allure/allure2-model-pojo/1.0.0/allure2-model-pojo-1.0.0.jar:/Users/bratislav.miletic/.m2/repository/org/apache/tika/tika-core/1.14/tika-core-1.14.jar:/Users/bratislav.miletic/.m2/repository/io/qameta/allure/allure2-model-jackson/1.0.0/allure2-model-jackson-1.0.0.jar:/Users/bratislav.miletic/.m2/repository/com/fasterxml/jackson/module/jackson-module-jaxb-annotations/2.7.0/jackson-module-jaxb-annotations-2.7.0.jar:/Users/bratislav.miletic/.m2/repository/org/apache/commons/commons-lang3/3.7/commons-lang3-3.7.jar:/Users/bratislav.miletic/.m2/repository/org/aspectj/aspectjrt/1.9.1/aspectjrt-1.9.1.jar:/Users/bratislav.miletic/.m2/repository/org/jooq/joor-java-8/0.9.9/joor-java-8-0.9.9.jar:/Users/bratislav.miletic/.m2/repository/org/slf4j/slf4j-api/1.7.25/slf4j-api-1.7.25.jar:/Users/bratislav.miletic/.m2/repository/io/qameta/allure/allure-okhttp3/2.7.0/allure-okhttp3-2.7.0.jar:/Users/bratislav.miletic/.m2/repository/io/qameta/allure/allure-attachments/2.7.0/allure-attachments-2.7.0.jar:/Users/bratislav.miletic/.m2/repository/org/freemarker/freemarker/2.3.28/freemarker-2.3.28.jar:/Users/bratislav.miletic/.m2/repository/com/squareup/retrofit2/converter-jackson/2.4.0/converter-jackson-2.4.0.jar:/Users/bratislav.miletic/.m2/repository/javax/mail/mail/1.4/mail-1.4.jar:/Users/bratislav.miletic/.m2/repository/javax/activation/activation/1.1/activation-1.1.jar:/Users/bratislav.miletic/.m2/repository/javax/xml/bind/jaxb-api/2.3.0/jaxb-api-2.3.0.jar:"/>
    <property name="sun.cpu.endian" value="little"/>
    <property name="user.home" value="/Users/bratislav.miletic"/>
    <property name="user.language" value="en"/>
    <property name="java.specification.vendor" value="Oracle Corporation"/>
    <property name="java.version.date" value="2019-04-16"/>
    <property name="java.home" value="/Library/Java/JavaVirtualMachines/openjdk-12.0.1.jdk/Contents/Home"/>
    <property name="file.separator" value="/"/>
    <property name="basedir" value="/Users/bratislav.miletic/Documents/test"/>
    <property name="java.vm.compressedOopsMode" value="Zero based"/>
    <property name="line.separator" value="&#10;"/>
    <property name="java.vm.specification.vendor" value="Oracle Corporation"/>
    <property name="java.specification.name" value="Java Platform API Specification"/>
    <property name="java.awt.graphicsenv" value="sun.awt.CGraphicsEnvironment"/>
    <property name="surefire.real.class.path" value="/Users/bratislav.miletic/Documents/test/target/surefire/surefirebooter10420608498022686886.jar"/>
    <property name="sun.management.compiler" value="HotSpot 64-Bit Tiered Compilers"/>
    <property name="java.runtime.version" value="12.0.1+12"/>
    <property name="user.name" value="bratislav.miletic"/>
    <property name="path.separator" value=":"/>
    <property name="os.version" value="10.14.6"/>
    <property name="java.runtime.name" value="OpenJDK Runtime Environment"/>
    <property name="file.encoding" value="UTF-8"/>
    <property name="java.vm.name" value="OpenJDK 64-Bit Server VM"/>
    <property name="localRepository" value="/Users/bratislav.miletic/.m2/repository"/>
    <property name="java.vendor.url.bug" value="https://bugreport.java.com/bugreport/"/>
    <property name="java.io.tmpdir" value="/var/folders/lq/3mwrjf1x3y378rbkqb1hx7jrfwfll2/T/"/>
    <property name="java.version" value="12.0.1"/>
    <property name="user.dir" value="/Users/bratislav.miletic/Documents/test"/>
    <property name="os.arch" value="x86_64"/>
    <property name="java.vm.specification.name" value="Java Virtual Machine Specification"/>
    <property name="java.library.path" value="/Users/bratislav.miletic/Library/Java/Extensions:/Library/Java/Extensions:/Network/Library/Java/Extensions:/System/Library/Java/Extensions:/usr/lib/java:."/>
    <property name="java.vm.info" value="mixed mode, sharing"/>
    <property name="java.vendor" value="Oracle Corporation"/>
    <property name="java.vm.version" value="12.0.1+12"/>
    <property name="sun.io.unicode.encoding" value="UnicodeBig"/>
    <property name="java.class.version" value="56.0"/>
  </properties>
  <testcase name="testPost" classname="qa.tests.ValidateEmails" time="3.822"/>
</testsuite>