<?xml version="1.0" encoding="UTF-8"?>
<testsuite xmlns:xsi="http://www.w3.org/2001/XMLSchema-instance" xsi:noNamespaceSchemaLocation="https://maven.apache.org/surefire/maven-surefire-plugin/xsd/surefire-test-report.xsd" name="TestSuite" time="7.925" tests="1" errors="0" skipped="0" failures="1">
  <properties>
    <property name="awt.toolkit" value="sun.lwawt.macosx.LWCToolkit"/>
    <property name="java.specification.version" value="12"/>
    <property name="sun.jnu.encoding" value="UTF-8"/>
    <property name="java.class.path" value="/Users/bratislav.miletic/Documents/test/target/test-classes:/Users/bratislav.miletic/Documents/test/target/classes:/Users/bratislav.miletic/.m2/repository/com/fasterxml/jackson/core/jackson-annotations/2.9.0/jackson-annotations-2.9.0.jar:/Users/bratislav.miletic/.m2/repository/org/projectlombok/lombok/1.18.4/lombok-1.18.4.jar:/Users/bratislav.miletic/.m2/repository/org/testng/testng/6.14.3/testng-6.14.3.jar:/Users/bratislav.miletic/.m2/repository/com/beust/jcommander/1.72/jcommander-1.72.jar:/Users/bratislav.miletic/.m2/repository/org/apache-extras/beanshell/bsh/2.0b6/bsh-2.0b6.jar:/Users/bratislav.miletic/.m2/repository/com/jayway/restassured/rest-assured/2.9.0/rest-assured-2.9.0.jar:/Users/bratislav.miletic/.m2/repository/org/codehaus/groovy/groovy/2.4.4/groovy-2.4.4.jar:/Users/bratislav.miletic/.m2/repository/org/codehaus/groovy/groovy-xml/2.4.4/groovy-xml-2.4.4.jar:/Users/bratislav.miletic/.m2/repository/org/apache/httpcomponents/httpclient/4.5.1/httpclient-4.5.1.jar:/Users/bratislav.miletic/.m2/repository/org/apache/httpcomponents/httpcore/4.4.3/httpcore-4.4.3.jar:/Users/bratislav.miletic/.m2/repository/commons-logging/commons-logging/1.2/commons-logging-1.2.jar:/Users/bratislav.miletic/.m2/repository/commons-codec/commons-codec/1.9/commons-codec-1.9.jar:/Users/bratislav.miletic/.m2/repository/org/apache/httpcomponents/httpmime/4.5.1/httpmime-4.5.1.jar:/Users/bratislav.miletic/.m2/repository/org/hamcrest/hamcrest-core/1.3/hamcrest-core-1.3.jar:/Users/bratislav.miletic/.m2/repository/org/hamcrest/hamcrest-library/1.3/hamcrest-library-1.3.jar:/Users/bratislav.miletic/.m2/repository/org/ccil/cowan/tagsoup/tagsoup/1.2.1/tagsoup-1.2.1.jar:/Users/bratislav.miletic/.m2/repository/com/jayway/restassured/json-path/2.9.0/json-path-2.9.0.jar:/Users/bratislav.miletic/.m2/repository/org/codehaus/groovy/groovy-json/2.4.4/groovy-json-2.4.4.jar:/Users/bratislav.miletic/.m2/repository/com/jayway/restassured/rest-assured-common/2.9.0/rest-assured-common-2.9.0.jar:/Users/bratislav.miletic/.m2/repository/com/jayway/restassured/xml-path/2.9.0/xml-path-2.9.0.jar:/Users/bratislav.miletic/.m2/repository/org/assertj/assertj-core/3.13.2/assertj-core-3.13.2.jar:/Users/bratislav.miletic/.m2/repository/org/sonatype/sisu/sisu-guice/2.1.7/sisu-guice-2.1.7.jar:/Users/bratislav.miletic/.m2/repository/javax/inject/javax.inject/1/javax.inject-1.jar:/Users/bratislav.miletic/.m2/repository/aopalliance/aopalliance/1.0/aopalliance-1.0.jar:/Users/bratislav.miletic/.m2/repository/com/squareup/retrofit2/retrofit/2.4.0/retrofit-2.4.0.jar:/Users/bratislav.miletic/.m2/repository/com/squareup/okhttp3/okhttp/3.10.0/okhttp-3.10.0.jar:/Users/bratislav.miletic/.m2/repository/com/squareup/okio/okio/1.14.0/okio-1.14.0.jar:/Users/bratislav.miletic/.m2/repository/com/fasterxml/jackson/core/jackson-databind/2.9.7/jackson-databind-2.9.7.jar:/Users/bratislav.miletic/.m2/repository/com/fasterxml/jackson/core/jackson-core/2.9.7/jackson-core-2.9.7.jar:/Users/bratislav.miletic/.m2/repository/com/fasterxml/jackson/datatype/jackson-datatype-jsr310/2.9.7/jackson-datatype-jsr310-2.9.7.jar:/Users/bratislav.miletic/.m2/repository/io/qameta/allure/allure-java-commons/2.7.0/allure-java-commons-2.7.0.jar:/Users/bratislav.miletic/.m2/repository/io/qameta/allure/allure2-model-api/1.0.0/allure2-model-api-1.0.0.jar:/Users/bratislav.miletic/.m2/repository/io/qameta/allure/allure2-model-pojo/1.0.0/allure2-model-pojo-1.0.0.jar:/Users/bratislav.miletic/.m2/repository/org/apache/tika/tika-core/1.14/tika-core-1.14.jar:/Users/bratislav.miletic/.m2/repository/io/qameta/allure/allure2-model-jackson/1.0.0/allure2-model-jackson-1.0.0.jar:/Users/bratislav.miletic/.m2/repository/com/fasterxml/jackson/module/jackson-module-jaxb-annotations/2.7.0/jackson-module-jaxb-annotations-2.7.0.jar:/Users/bratislav.miletic/.m2/repository/org/apache/commons/commons-lang3/3.7/commons-lang3-3.7.jar:/Users/bratislav.miletic/.m2/repository/org/aspectj/aspectjrt/1.9.1/aspectjrt-1.9.1.jar:/Users/bratislav.miletic/.m2/repository/org/jooq/joor-java-8/0.9.9/joor-java-8-0.9.9.jar:/Users/bratislav.miletic/.m2/repository/org/slf4j/slf4j-api/1.7.25/slf4j-api-1.7.25.jar:/Users/bratislav.miletic/.m2/repository/io/qameta/allure/allure-okhttp3/2.7.0/allure-okhttp3-2.7.0.jar:/Users/bratislav.miletic/.m2/repository/io/qameta/allure/allure-attachments/2.7.0/allure-attachments-2.7.0.jar:/Users/bratislav.miletic/.m2/repository/org/freemarker/freemarker/2.3.28/freemarker-2.3.28.jar:/Users/bratislav.miletic/.m2/repository/com/squareup/retrofit2/converter-jackson/2.4.0/converter-jackson-2.4.0.jar:/Users/bratislav.miletic/.m2/repository/javax/mail/mail/1.4/mail-1.4.jar:/Users/bratislav.miletic/.m2/repository/javax/activation/activation/1.1/activation-1.1.jar:/Users/bratislav.miletic/.m2/repository/javax/xml/bind/jaxb-api/2.3.0/jaxb-api-2.3.0.jar:"/>
    <property name="java.vm.vendor" value="Oracle Corporation"/>
    <property name="sun.arch.data.model" value="64"/>
    <property name="java.vendor.url" value="https://java.oracle.com/"/>
    <property name="os.name" value="Mac OS X"/>
    <property name="java.vm.specification.version" value="12"/>
    <property name="sun.java.launcher" value="SUN_STANDARD"/>
    <property name="user.country" value="US"/>
    <property name="sun.boot.library.path" value="/Library/Java/JavaVirtualMachines/openjdk-12.0.1.jdk/Contents/Home/lib"/>
    <property name="sun.java.command" value="/Users/bratislav.miletic/Documents/test/target/surefire/surefirebooter5069729742075412472.jar /Users/bratislav.miletic/Documents/test/target/surefire 2019-08-24T11-37-12_245-jvmRun1 surefire13420165525345056024tmp surefire_03914825933990617430tmp"/>
    <property name="jdk.debug" value="release"/>
    <property name="surefire.test.class.path" value="/Users/bratislav.miletic/Documents/test/target/test-classes:/Users/bratislav.miletic/Documents/test/target/classes:/Users/bratislav.miletic/.m2/repository/com/fasterxml/jackson/core/jackson-annotations/2.9.0/jackson-annotations-2.9.0.jar:/Users/bratislav.miletic/.m2/repository/org/projectlombok/lombok/1.18.4/lombok-1.18.4.jar:/Users/bratislav.miletic/.m2/repository/org/testng/testng/6.14.3/testng-6.14.3.jar:/Users/bratislav.miletic/.m2/repository/com/beust/jcommander/1.72/jcommander-1.72.jar:/Users/bratislav.miletic/.m2/repository/org/apache-extras/beanshell/bsh/2.0b6/bsh-2.0b6.jar:/Users/bratislav.miletic/.m2/repository/com/jayway/restassured/rest-assured/2.9.0/rest-assured-2.9.0.jar:/Users/bratislav.miletic/.m2/repository/org/codehaus/groovy/groovy/2.4.4/groovy-2.4.4.jar:/Users/bratislav.miletic/.m2/repository/org/codehaus/groovy/groovy-xml/2.4.4/groovy-xml-2.4.4.jar:/Users/bratislav.miletic/.m2/repository/org/apache/httpcomponents/httpclient/4.5.1/httpclient-4.5.1.jar:/Users/bratislav.miletic/.m2/repository/org/apache/httpcomponents/httpcore/4.4.3/httpcore-4.4.3.jar:/Users/bratislav.miletic/.m2/repository/commons-logging/commons-logging/1.2/commons-logging-1.2.jar:/Users/bratislav.miletic/.m2/repository/commons-codec/commons-codec/1.9/commons-codec-1.9.jar:/Users/bratislav.miletic/.m2/repository/org/apache/httpcomponents/httpmime/4.5.1/httpmime-4.5.1.jar:/Users/bratislav.miletic/.m2/repository/org/hamcrest/hamcrest-core/1.3/hamcrest-core-1.3.jar:/Users/bratislav.miletic/.m2/repository/org/hamcrest/hamcrest-library/1.3/hamcrest-library-1.3.jar:/Users/bratislav.miletic/.m2/repository/org/ccil/cowan/tagsoup/tagsoup/1.2.1/tagsoup-1.2.1.jar:/Users/bratislav.miletic/.m2/repository/com/jayway/restassured/json-path/2.9.0/json-path-2.9.0.jar:/Users/bratislav.miletic/.m2/repository/org/codehaus/groovy/groovy-json/2.4.4/groovy-json-2.4.4.jar:/Users/bratislav.miletic/.m2/repository/com/jayway/restassured/rest-assured-common/2.9.0/rest-assured-common-2.9.0.jar:/Users/bratislav.miletic/.m2/repository/com/jayway/restassured/xml-path/2.9.0/xml-path-2.9.0.jar:/Users/bratislav.miletic/.m2/repository/org/assertj/assertj-core/3.13.2/assertj-core-3.13.2.jar:/Users/bratislav.miletic/.m2/repository/org/sonatype/sisu/sisu-guice/2.1.7/sisu-guice-2.1.7.jar:/Users/bratislav.miletic/.m2/repository/javax/inject/javax.inject/1/javax.inject-1.jar:/Users/bratislav.miletic/.m2/repository/aopalliance/aopalliance/1.0/aopalliance-1.0.jar:/Users/bratislav.miletic/.m2/repository/com/squareup/retrofit2/retrofit/2.4.0/retrofit-2.4.0.jar:/Users/bratislav.miletic/.m2/repository/com/squareup/okhttp3/okhttp/3.10.0/okhttp-3.10.0.jar:/Users/bratislav.miletic/.m2/repository/com/squareup/okio/okio/1.14.0/okio-1.14.0.jar:/Users/bratislav.miletic/.m2/repository/com/fasterxml/jackson/core/jackson-databind/2.9.7/jackson-databind-2.9.7.jar:/Users/bratislav.miletic/.m2/repository/com/fasterxml/jackson/core/jackson-core/2.9.7/jackson-core-2.9.7.jar:/Users/bratislav.miletic/.m2/repository/com/fasterxml/jackson/datatype/jackson-datatype-jsr310/2.9.7/jackson-datatype-jsr310-2.9.7.jar:/Users/bratislav.miletic/.m2/repository/io/qameta/allure/allure-java-commons/2.7.0/allure-java-commons-2.7.0.jar:/Users/bratislav.miletic/.m2/repository/io/qameta/allure/allure2-model-api/1.0.0/allure2-model-api-1.0.0.jar:/Users/bratislav.miletic/.m2/repository/io/qameta/allure/allure2-model-pojo/1.0.0/allure2-model-pojo-1.0.0.jar:/Users/bratislav.miletic/.m2/repository/org/apache/tika/tika-core/1.14/tika-core-1.14.jar:/Users/bratislav.miletic/.m2/repository/io/qameta/allure/allure2-model-jackson/1.0.0/allure2-model-jackson-1.0.0.jar:/Users/bratislav.miletic/.m2/repository/com/fasterxml/jackson/module/jackson-module-jaxb-annotations/2.7.0/jackson-module-jaxb-annotations-2.7.0.jar:/Users/bratislav.miletic/.m2/repository/org/apache/commons/commons-lang3/3.7/commons-lang3-3.7.jar:/Users/bratislav.miletic/.m2/repository/org/aspectj/aspectjrt/1.9.1/aspectjrt-1.9.1.jar:/Users/bratislav.miletic/.m2/repository/org/jooq/joor-java-8/0.9.9/joor-java-8-0.9.9.jar:/Users/bratislav.miletic/.m2/repository/org/slf4j/slf4j-api/1.7.25/slf4j-api-1.7.25.jar:/Users/bratislav.miletic/.m2/repository/io/qameta/allure/allure-okhttp3/2.7.0/allure-okhttp3-2.7.0.jar:/Users/bratislav.miletic/.m2/repository/io/qameta/allure/allure-attachments/2.7.0/allure-attachments-2.7.0.jar:/Users/bratislav.miletic/.m2/repository/org/freemarker/freemarker/2.3.28/freemarker-2.3.28.jar:/Users/bratislav.miletic/.m2/repository/com/squareup/retrofit2/converter-jackson/2.4.0/converter-jackson-2.4.0.jar:/Users/bratislav.miletic/.m2/repository/javax/mail/mail/1.4/mail-1.4.jar:/Users/bratislav.miletic/.m2/repository/javax/activation/activation/1.1/activation-1.1.jar:/Users/bratislav.miletic/.m2/repository/javax/xml/bind/jaxb-api/2.3.0/jaxb-api-2.3.0.jar:"/>
    <property name="sun.cpu.endian" value="little"/>
    <property name="user.home" value="/Users/bratislav.miletic"/>
    <property name="user.language" value="en"/>
    <property name="java.specification.vendor" value="Oracle Corporation"/>
    <property name="java.version.date" value="2019-04-16"/>
    <property name="java.home" value="/Library/Java/JavaVirtualMachines/openjdk-12.0.1.jdk/Contents/Home"/>
    <property name="file.separator" value="/"/>
    <property name="basedir" value="/Users/bratislav.miletic/Documents/test"/>
    <property name="java.vm.compressedOopsMode" value="Zero based"/>
    <property name="line.separator" value="&#10;"/>
    <property name="java.vm.specification.vendor" value="Oracle Corporation"/>
    <property name="java.specification.name" value="Java Platform API Specification"/>
    <property name="java.awt.graphicsenv" value="sun.awt.CGraphicsEnvironment"/>
    <property name="surefire.real.class.path" value="/Users/bratislav.miletic/Documents/test/target/surefire/surefirebooter5069729742075412472.jar"/>
    <property name="sun.management.compiler" value="HotSpot 64-Bit Tiered Compilers"/>
    <property name="java.runtime.version" value="12.0.1+12"/>
    <property name="user.name" value="bratislav.miletic"/>
    <property name="path.separator" value=":"/>
    <property name="os.version" value="10.14.6"/>
    <property name="java.runtime.name" value="OpenJDK Runtime Environment"/>
    <property name="file.encoding" value="UTF-8"/>
    <property name="java.vm.name" value="OpenJDK 64-Bit Server VM"/>
    <property name="localRepository" value="/Users/bratislav.miletic/.m2/repository"/>
    <property name="java.vendor.url.bug" value="https://bugreport.java.com/bugreport/"/>
    <property name="java.io.tmpdir" value="/var/folders/lq/3mwrjf1x3y378rbkqb1hx7jrfwfll2/T/"/>
    <property name="java.version" value="12.0.1"/>
    <property name="user.dir" value="/Users/bratislav.miletic/Documents/test"/>
    <property name="os.arch" value="x86_64"/>
    <property name="java.vm.specification.name" value="Java Virtual Machine Specification"/>
    <property name="java.library.path" value="/Users/bratislav.miletic/Library/Java/Extensions:/Library/Java/Extensions:/Network/Library/Java/Extensions:/System/Library/Java/Extensions:/usr/lib/java:."/>
    <property name="java.vm.info" value="mixed mode, sharing"/>
    <property name="java.vendor" value="Oracle Corporation"/>
    <property name="java.vm.version" value="12.0.1+12"/>
    <property name="sun.io.unicode.encoding" value="UnicodeBig"/>
    <property name="java.class.version" value="56.0"/>
  </properties>
  <testcase name="testPost" classname="qa.tests.ValidateEmails" time="6.731">
    <failure message="&#10;The following 50 assertions failed:&#10;1) [Email: Lura@rod.tv from postId 21] &#10;Expecting:&#10; &lt;false&gt;&#10;to be equal to:&#10; &lt;true&gt;&#10;but was not.&#10;at ValidateEmails.testPost(ValidateEmails.java:86)&#10;2) [Email: Lottie.Zieme@ruben.us from postId 21] &#10;Expecting:&#10; &lt;false&gt;&#10;to be equal to:&#10; &lt;true&gt;&#10;but was not.&#10;at ValidateEmails.testPost(ValidateEmails.java:86)&#10;3) [Email: Winona_Price@jevon.me from postId 21] &#10;Expecting:&#10; &lt;false&gt;&#10;to be equal to:&#10; &lt;true&gt;&#10;but was not.&#10;at ValidateEmails.testPost(ValidateEmails.java:86)&#10;4) [Email: Gabriel@oceane.biz from postId 21] &#10;Expecting:&#10; &lt;false&gt;&#10;to be equal to:&#10; &lt;true&gt;&#10;but was not.&#10;at ValidateEmails.testPost(ValidateEmails.java:86)&#10;5) [Email: Adolph.Ondricka@mozell.co.uk from postId 21] &#10;Expecting:&#10; &lt;false&gt;&#10;to be equal to:&#10; &lt;true&gt;&#10;but was not.&#10;at ValidateEmails.testPost(ValidateEmails.java:86)&#10;6) [Email: Allen@richard.biz from postId 22] &#10;Expecting:&#10; &lt;false&gt;&#10;to be equal to:&#10; &lt;true&gt;&#10;but was not.&#10;at ValidateEmails.testPost(ValidateEmails.java:86)&#10;7) [Email: Nicholaus@mikayla.ca from postId 22] &#10;Expecting:&#10; &lt;false&gt;&#10;to be equal to:&#10; &lt;true&gt;&#10;but was not.&#10;at ValidateEmails.testPost(ValidateEmails.java:86)&#10;8) [Email: Kayla@susanna.org from postId 22] &#10;Expecting:&#10; &lt;false&gt;&#10;to be equal to:&#10; &lt;true&gt;&#10;but was not.&#10;at ValidateEmails.testPost(ValidateEmails.java:86)&#10;9) [Email: Gideon@amina.name from postId 22] &#10;Expecting:&#10; &lt;false&gt;&#10;to be equal to:&#10; &lt;true&gt;&#10;but was not.&#10;at ValidateEmails.testPost(ValidateEmails.java:86)&#10;10) [Email: Cassidy@maribel.io from postId 22] &#10;Expecting:&#10; &lt;false&gt;&#10;to be equal to:&#10; &lt;true&gt;&#10;but was not.&#10;at ValidateEmails.testPost(ValidateEmails.java:86)&#10;11) [Email: Stefan.Crist@duane.ca from postId 23] &#10;Expecting:&#10; &lt;false&gt;&#10;to be equal to:&#10; &lt;true&gt;&#10;but was not.&#10;at ValidateEmails.testPost(ValidateEmails.java:86)&#10;12) [Email: Aniyah.Ortiz@monte.me from postId 23] &#10;Expecting:&#10; &lt;false&gt;&#10;to be equal to:&#10; &lt;true&gt;&#10;but was not.&#10;at ValidateEmails.testPost(ValidateEmails.java:86)&#10;13) [Email: Laverna@rico.biz from postId 23] &#10;Expecting:&#10; &lt;false&gt;&#10;to be equal to:&#10; &lt;true&gt;&#10;but was not.&#10;at ValidateEmails.testPost(ValidateEmails.java:86)&#10;14) [Email: Derek@hildegard.net from postId 23] &#10;Expecting:&#10; &lt;false&gt;&#10;to be equal to:&#10; &lt;true&gt;&#10;but was not.&#10;at ValidateEmails.testPost(ValidateEmails.java:86)&#10;15) [Email: Tyrell@abdullah.ca from postId 23] &#10;Expecting:&#10; &lt;false&gt;&#10;to be equal to:&#10; &lt;true&gt;&#10;but was not.&#10;at ValidateEmails.testPost(ValidateEmails.java:86)&#10;16) [Email: Reyes@hailey.name from postId 24] &#10;Expecting:&#10; &lt;false&gt;&#10;to be equal to:&#10; &lt;true&gt;&#10;but was not.&#10;at ValidateEmails.testPost(ValidateEmails.java:86)&#10;17) [Email: Danika.Dicki@mekhi.biz from postId 24] &#10;Expecting:&#10; &lt;false&gt;&#10;to be equal to:&#10; &lt;true&gt;&#10;but was not.&#10;at ValidateEmails.testPost(ValidateEmails.java:86)&#10;18) [Email: Alessandra.Nitzsche@stephania.us from postId 24] &#10;Expecting:&#10; &lt;false&gt;&#10;to be equal to:&#10; &lt;true&gt;&#10;but was not.&#10;at ValidateEmails.testPost(ValidateEmails.java:86)&#10;19) [Email: Matteo@marquis.net from postId 24] &#10;Expecting:&#10; &lt;false&gt;&#10;to be equal to:&#10; &lt;true&gt;&#10;but was not.&#10;at ValidateEmails.testPost(ValidateEmails.java:86)&#10;20) [Email: Joshua.Spinka@toby.io from postId 24] &#10;Expecting:&#10; &lt;false&gt;&#10;to be equal to:&#10; &lt;true&gt;&#10;but was not.&#10;at ValidateEmails.testPost(ValidateEmails.java:86)&#10;21) [Email: Annabelle@cole.com from postId 25] &#10;Expecting:&#10; &lt;false&gt;&#10;to be equal to:&#10; &lt;true&gt;&#10;but was not.&#10;at ValidateEmails.testPost(ValidateEmails.java:86)&#10;22) [Email: Kacey@jamal.info from postId 25] &#10;Expecting:&#10; &lt;false&gt;&#10;to be equal to:&#10; &lt;true&gt;&#10;but was not.&#10;at ValidateEmails.testPost(ValidateEmails.java:86)&#10;23) [Email: Mina@mallie.name from postId 25] &#10;Expecting:&#10; &lt;false&gt;&#10;to be equal to:&#10; &lt;true&gt;&#10;but was not.&#10;at ValidateEmails.testPost(ValidateEmails.java:86)&#10;24) [Email: Hudson.Blick@ruben.biz from postId 25] &#10;Expecting:&#10; &lt;false&gt;&#10;to be equal to:&#10; &lt;true&gt;&#10;but was not.&#10;at ValidateEmails.testPost(ValidateEmails.java:86)&#10;25) [Email: Domenic.Durgan@joaquin.name from postId 25] &#10;Expecting:&#10; &lt;false&gt;&#10;to be equal to:&#10; &lt;true&gt;&#10;but was not.&#10;at ValidateEmails.testPost(ValidateEmails.java:86)&#10;26) [Email: Alexie@alayna.org from postId 26] &#10;Expecting:&#10; &lt;false&gt;&#10;to be equal to:&#10; &lt;true&gt;&#10;but was not.&#10;at ValidateEmails.testPost(ValidateEmails.java:86)&#10;27) [Email: Haven_Barrows@brant.org from postId 26] &#10;Expecting:&#10; &lt;false&gt;&#10;to be equal to:&#10; &lt;true&gt;&#10;but was not.&#10;at ValidateEmails.testPost(ValidateEmails.java:86)&#10;28) [Email: Marianne@maximo.us from postId 26] &#10;Expecting:&#10; &lt;false&gt;&#10;to be equal to:&#10; &lt;true&gt;&#10;but was not.&#10;at ValidateEmails.testPost(ValidateEmails.java:86)&#10;29) [Email: Fanny@danial.com from postId 26] &#10;Expecting:&#10; &lt;false&gt;&#10;to be equal to:&#10; &lt;true&gt;&#10;but was not.&#10;at ValidateEmails.testPost(ValidateEmails.java:86)&#10;30) [Email: Trevion_Kuphal@bernice.name from postId 26] &#10;Expecting:&#10; &lt;false&gt;&#10;to be equal to:&#10; &lt;true&gt;&#10;but was not.&#10;at ValidateEmails.testPost(ValidateEmails.java:86)&#10;31) [Email: Emmet@guy.biz from postId 27] &#10;Expecting:&#10; &lt;false&gt;&#10;to be equal to:&#10; &lt;true&gt;&#10;but was not.&#10;at ValidateEmails.testPost(ValidateEmails.java:86)&#10;32) [Email: Megane.Fritsch@claude.name from postId 27] &#10;Expecting:&#10; &lt;false&gt;&#10;to be equal to:&#10; &lt;true&gt;&#10;but was not.&#10;at ValidateEmails.testPost(ValidateEmails.java:86)&#10;33) [Email: Amya@durward.ca from postId 27] &#10;Expecting:&#10; &lt;false&gt;&#10;to be equal to:&#10; &lt;true&gt;&#10;but was not.&#10;at ValidateEmails.testPost(ValidateEmails.java:86)&#10;34) [Email: Jasen_Rempel@willis.org from postId 27] &#10;Expecting:&#10; &lt;false&gt;&#10;to be equal to:&#10; &lt;true&gt;&#10;but was not.&#10;at ValidateEmails.testPost(ValidateEmails.java:86)&#10;35) [Email: Harmony@reggie.com from postId 27] &#10;Expecting:&#10; &lt;false&gt;&#10;to be equal to:&#10; &lt;true&gt;&#10;but was not.&#10;at ValidateEmails.testPost(ValidateEmails.java:86)&#10;36) [Email: Rosanna_Kunze@guy.net from postId 28] &#10;Expecting:&#10; &lt;false&gt;&#10;to be equal to:&#10; &lt;true&gt;&#10;but was not.&#10;at ValidateEmails.testPost(ValidateEmails.java:86)&#10;37) [Email: Ressie.Boehm@flossie.com from postId 28] &#10;Expecting:&#10; &lt;false&gt;&#10;to be equal to:&#10; &lt;true&gt;&#10;but was not.&#10;at ValidateEmails.testPost(ValidateEmails.java:86)&#10;38) [Email: Domenic.Wuckert@jazmyne.us from postId 28] &#10;Expecting:&#10; &lt;false&gt;&#10;to be equal to:&#10; &lt;true&gt;&#10;but was not.&#10;at ValidateEmails.testPost(ValidateEmails.java:86)&#10;39) [Email: Rhett.OKon@brian.info from postId 28] &#10;Expecting:&#10; &lt;false&gt;&#10;to be equal to:&#10; &lt;true&gt;&#10;but was not.&#10;at ValidateEmails.testPost(ValidateEmails.java:86)&#10;40) [Email: Mathias@richmond.info from postId 28] &#10;Expecting:&#10; &lt;false&gt;&#10;to be equal to:&#10; &lt;true&gt;&#10;but was not.&#10;at ValidateEmails.testPost(ValidateEmails.java:86)&#10;41) [Email: Ottis@lourdes.org from postId 29] &#10;Expecting:&#10; &lt;false&gt;&#10;to be equal to:&#10; &lt;true&gt;&#10;but was not.&#10;at ValidateEmails.testPost(ValidateEmails.java:86)&#10;42) [Email: Estel@newton.ca from postId 29] &#10;Expecting:&#10; &lt;false&gt;&#10;to be equal to:&#10; &lt;true&gt;&#10;but was not.&#10;at ValidateEmails.testPost(ValidateEmails.java:86)&#10;43) [Email: Bertha@erik.co.uk from postId 29] &#10;Expecting:&#10; &lt;false&gt;&#10;to be equal to:&#10; &lt;true&gt;&#10;but was not.&#10;at ValidateEmails.testPost(ValidateEmails.java:86)&#10;44) [Email: Joesph@matteo.info from postId 29] &#10;Expecting:&#10; &lt;false&gt;&#10;to be equal to:&#10; &lt;true&gt;&#10;but was not.&#10;at ValidateEmails.testPost(ValidateEmails.java:86)&#10;45) [Email: Alva@cassandre.net from postId 29] &#10;Expecting:&#10; &lt;false&gt;&#10;to be equal to:&#10; &lt;true&gt;&#10;but was not.&#10;at ValidateEmails.testPost(ValidateEmails.java:86)&#10;46) [Email: Vivienne@willis.org from postId 30] &#10;Expecting:&#10; &lt;false&gt;&#10;to be equal to:&#10; &lt;true&gt;&#10;but was not.&#10;at ValidateEmails.testPost(ValidateEmails.java:86)&#10;47) [Email: Angelita@aliza.me from postId 30] &#10;Expecting:&#10; &lt;false&gt;&#10;to be equal to:&#10; &lt;true&gt;&#10;but was not.&#10;at ValidateEmails.testPost(ValidateEmails.java:86)&#10;48) [Email: Timmothy_Okuneva@alyce.tv from postId 30] &#10;Expecting:&#10; &lt;false&gt;&#10;to be equal to:&#10; &lt;true&gt;&#10;but was not.&#10;at ValidateEmails.testPost(ValidateEmails.java:86)&#10;49) [Email: Moriah_Welch@richmond.org from postId 30] &#10;Expecting:&#10; &lt;false&gt;&#10;to be equal to:&#10; &lt;true&gt;&#10;but was not.&#10;at ValidateEmails.testPost(ValidateEmails.java:86)&#10;50) [Email: Ramiro_Kuhn@harmon.biz from postId 30] &#10;Expecting:&#10; &lt;false&gt;&#10;to be equal to:&#10; &lt;true&gt;&#10;but was not.&#10;at ValidateEmails.testPost(ValidateEmails.java:86)&#10;" type="org.assertj.core.api.SoftAssertionError"><![CDATA[org.assertj.core.api.SoftAssertionError: 

The following 50 assertions failed:
1) [Email: Lura@rod.tv from postId 21] 
Expecting:
 <false>
to be equal to:
 <true>
but was not.
at ValidateEmails.testPost(ValidateEmails.java:86)
2) [Email: Lottie.Zieme@ruben.us from postId 21] 
Expecting:
 <false>
to be equal to:
 <true>
but was not.
at ValidateEmails.testPost(ValidateEmails.java:86)
3) [Email: Winona_Price@jevon.me from postId 21] 
Expecting:
 <false>
to be equal to:
 <true>
but was not.
at ValidateEmails.testPost(ValidateEmails.java:86)
4) [Email: Gabriel@oceane.biz from postId 21] 
Expecting:
 <false>
to be equal to:
 <true>
but was not.
at ValidateEmails.testPost(ValidateEmails.java:86)
5) [Email: Adolph.Ondricka@mozell.co.uk from postId 21] 
Expecting:
 <false>
to be equal to:
 <true>
but was not.
at ValidateEmails.testPost(ValidateEmails.java:86)
6) [Email: Allen@richard.biz from postId 22] 
Expecting:
 <false>
to be equal to:
 <true>
but was not.
at ValidateEmails.testPost(ValidateEmails.java:86)
7) [Email: Nicholaus@mikayla.ca from postId 22] 
Expecting:
 <false>
to be equal to:
 <true>
but was not.
at ValidateEmails.testPost(ValidateEmails.java:86)
8) [Email: Kayla@susanna.org from postId 22] 
Expecting:
 <false>
to be equal to:
 <true>
but was not.
at ValidateEmails.testPost(ValidateEmails.java:86)
9) [Email: Gideon@amina.name from postId 22] 
Expecting:
 <false>
to be equal to:
 <true>
but was not.
at ValidateEmails.testPost(ValidateEmails.java:86)
10) [Email: Cassidy@maribel.io from postId 22] 
Expecting:
 <false>
to be equal to:
 <true>
but was not.
at ValidateEmails.testPost(ValidateEmails.java:86)
11) [Email: Stefan.Crist@duane.ca from postId 23] 
Expecting:
 <false>
to be equal to:
 <true>
but was not.
at ValidateEmails.testPost(ValidateEmails.java:86)
12) [Email: Aniyah.Ortiz@monte.me from postId 23] 
Expecting:
 <false>
to be equal to:
 <true>
but was not.
at ValidateEmails.testPost(ValidateEmails.java:86)
13) [Email: Laverna@rico.biz from postId 23] 
Expecting:
 <false>
to be equal to:
 <true>
but was not.
at ValidateEmails.testPost(ValidateEmails.java:86)
14) [Email: Derek@hildegard.net from postId 23] 
Expecting:
 <false>
to be equal to:
 <true>
but was not.
at ValidateEmails.testPost(ValidateEmails.java:86)
15) [Email: Tyrell@abdullah.ca from postId 23] 
Expecting:
 <false>
to be equal to:
 <true>
but was not.
at ValidateEmails.testPost(ValidateEmails.java:86)
16) [Email: Reyes@hailey.name from postId 24] 
Expecting:
 <false>
to be equal to:
 <true>
but was not.
at ValidateEmails.testPost(ValidateEmails.java:86)
17) [Email: Danika.Dicki@mekhi.biz from postId 24] 
Expecting:
 <false>
to be equal to:
 <true>
but was not.
at ValidateEmails.testPost(ValidateEmails.java:86)
18) [Email: Alessandra.Nitzsche@stephania.us from postId 24] 
Expecting:
 <false>
to be equal to:
 <true>
but was not.
at ValidateEmails.testPost(ValidateEmails.java:86)
19) [Email: Matteo@marquis.net from postId 24] 
Expecting:
 <false>
to be equal to:
 <true>
but was not.
at ValidateEmails.testPost(ValidateEmails.java:86)
20) [Email: Joshua.Spinka@toby.io from postId 24] 
Expecting:
 <false>
to be equal to:
 <true>
but was not.
at ValidateEmails.testPost(ValidateEmails.java:86)
21) [Email: Annabelle@cole.com from postId 25] 
Expecting:
 <false>
to be equal to:
 <true>
but was not.
at ValidateEmails.testPost(ValidateEmails.java:86)
22) [Email: Kacey@jamal.info from postId 25] 
Expecting:
 <false>
to be equal to:
 <true>
but was not.
at ValidateEmails.testPost(ValidateEmails.java:86)
23) [Email: Mina@mallie.name from postId 25] 
Expecting:
 <false>
to be equal to:
 <true>
but was not.
at ValidateEmails.testPost(ValidateEmails.java:86)
24) [Email: Hudson.Blick@ruben.biz from postId 25] 
Expecting:
 <false>
to be equal to:
 <true>
but was not.
at ValidateEmails.testPost(ValidateEmails.java:86)
25) [Email: Domenic.Durgan@joaquin.name from postId 25] 
Expecting:
 <false>
to be equal to:
 <true>
but was not.
at ValidateEmails.testPost(ValidateEmails.java:86)
26) [Email: Alexie@alayna.org from postId 26] 
Expecting:
 <false>
to be equal to:
 <true>
but was not.
at ValidateEmails.testPost(ValidateEmails.java:86)
27) [Email: Haven_Barrows@brant.org from postId 26] 
Expecting:
 <false>
to be equal to:
 <true>
but was not.
at ValidateEmails.testPost(ValidateEmails.java:86)
28) [Email: Marianne@maximo.us from postId 26] 
Expecting:
 <false>
to be equal to:
 <true>
but was not.
at ValidateEmails.testPost(ValidateEmails.java:86)
29) [Email: Fanny@danial.com from postId 26] 
Expecting:
 <false>
to be equal to:
 <true>
but was not.
at ValidateEmails.testPost(ValidateEmails.java:86)
30) [Email: Trevion_Kuphal@bernice.name from postId 26] 
Expecting:
 <false>
to be equal to:
 <true>
but was not.
at ValidateEmails.testPost(ValidateEmails.java:86)
31) [Email: Emmet@guy.biz from postId 27] 
Expecting:
 <false>
to be equal to:
 <true>
but was not.
at ValidateEmails.testPost(ValidateEmails.java:86)
32) [Email: Megane.Fritsch@claude.name from postId 27] 
Expecting:
 <false>
to be equal to:
 <true>
but was not.
at ValidateEmails.testPost(ValidateEmails.java:86)
33) [Email: Amya@durward.ca from postId 27] 
Expecting:
 <false>
to be equal to:
 <true>
but was not.
at ValidateEmails.testPost(ValidateEmails.java:86)
34) [Email: Jasen_Rempel@willis.org from postId 27] 
Expecting:
 <false>
to be equal to:
 <true>
but was not.
at ValidateEmails.testPost(ValidateEmails.java:86)
35) [Email: Harmony@reggie.com from postId 27] 
Expecting:
 <false>
to be equal to:
 <true>
but was not.
at ValidateEmails.testPost(ValidateEmails.java:86)
36) [Email: Rosanna_Kunze@guy.net from postId 28] 
Expecting:
 <false>
to be equal to:
 <true>
but was not.
at ValidateEmails.testPost(ValidateEmails.java:86)
37) [Email: Ressie.Boehm@flossie.com from postId 28] 
Expecting:
 <false>
to be equal to:
 <true>
but was not.
at ValidateEmails.testPost(ValidateEmails.java:86)
38) [Email: Domenic.Wuckert@jazmyne.us from postId 28] 
Expecting:
 <false>
to be equal to:
 <true>
but was not.
at ValidateEmails.testPost(ValidateEmails.java:86)
39) [Email: Rhett.OKon@brian.info from postId 28] 
Expecting:
 <false>
to be equal to:
 <true>
but was not.
at ValidateEmails.testPost(ValidateEmails.java:86)
40) [Email: Mathias@richmond.info from postId 28] 
Expecting:
 <false>
to be equal to:
 <true>
but was not.
at ValidateEmails.testPost(ValidateEmails.java:86)
41) [Email: Ottis@lourdes.org from postId 29] 
Expecting:
 <false>
to be equal to:
 <true>
but was not.
at ValidateEmails.testPost(ValidateEmails.java:86)
42) [Email: Estel@newton.ca from postId 29] 
Expecting:
 <false>
to be equal to:
 <true>
but was not.
at ValidateEmails.testPost(ValidateEmails.java:86)
43) [Email: Bertha@erik.co.uk from postId 29] 
Expecting:
 <false>
to be equal to:
 <true>
but was not.
at ValidateEmails.testPost(ValidateEmails.java:86)
44) [Email: Joesph@matteo.info from postId 29] 
Expecting:
 <false>
to be equal to:
 <true>
but was not.
at ValidateEmails.testPost(ValidateEmails.java:86)
45) [Email: Alva@cassandre.net from postId 29] 
Expecting:
 <false>
to be equal to:
 <true>
but was not.
at ValidateEmails.testPost(ValidateEmails.java:86)
46) [Email: Vivienne@willis.org from postId 30] 
Expecting:
 <false>
to be equal to:
 <true>
but was not.
at ValidateEmails.testPost(ValidateEmails.java:86)
47) [Email: Angelita@aliza.me from postId 30] 
Expecting:
 <false>
to be equal to:
 <true>
but was not.
at ValidateEmails.testPost(ValidateEmails.java:86)
48) [Email: Timmothy_Okuneva@alyce.tv from postId 30] 
Expecting:
 <false>
to be equal to:
 <true>
but was not.
at ValidateEmails.testPost(ValidateEmails.java:86)
49) [Email: Moriah_Welch@richmond.org from postId 30] 
Expecting:
 <false>
to be equal to:
 <true>
but was not.
at ValidateEmails.testPost(ValidateEmails.java:86)
50) [Email: Ramiro_Kuhn@harmon.biz from postId 30] 
Expecting:
 <false>
to be equal to:
 <true>
but was not.
at ValidateEmails.testPost(ValidateEmails.java:86)

	at qa.tests.ValidateEmails.testPost(ValidateEmails.java:89)
]]></failure>
    <system-err><![CDATA[SLF4J: Failed to load class "org.slf4j.impl.StaticLoggerBinder".
SLF4J: Defaulting to no-operation (NOP) logger implementation
SLF4J: See http://www.slf4j.org/codes.html#StaticLoggerBinder for further details.
]]></system-err>
  </testcase>
</testsuite>