<?xml version="1.0" encoding="UTF-8"?>
<!-- Generated by org.testng.reporters.JUnitReportReporter -->
<testsuite hostname="miletic-b-m.local" failures="0" tests="1" name="qa.tests.ValidateEmails" time="3.764" errors="0" timestamp="24 Aug 2019 09:31:49 GMT" skipped="0">
  <testcase classname="qa.tests.ValidateEmails" name="testPost" time="3.764"/>
</testsuite> <!-- qa.tests.ValidateEmails -->
