<?xml version="1.0" encoding="UTF-8"?>
<!-- Generated by org.testng.reporters.JUnitReportReporter -->
<testsuite hostname="miletic-b-m.local" failures="1" tests="1" name="qa.tests.ValidateEmails" time="3.615" errors="0" timestamp="24 Aug 2019 13:39:48 GMT" skipped="0">
  <testcase classname="qa.tests.ValidateEmails" name="testPost" time="3.615">
    <failure message="
The following 50 assertions failed:
1) [Email: Lura@rod.tv from postId 21] 
Expecting:
 &lt;false&gt;
to be equal to:
 &lt;true&gt;
but was not.
at ValidateEmails.testPost(ValidateEmails.java:89)
2) [Email: Lottie.Zieme@ruben.us from postId 21] 
Expecting:
 &lt;false&gt;
to be equal to:
 &lt;true&gt;
but was not.
at ValidateEmails.testPost(ValidateEmails.java:89)
3) [Email: Winona_Price@jevon.me from postId 21] 
Expecting:
 &lt;false&gt;
to be equal to:
 &lt;true&gt;
but was not.
at ValidateEmails.testPost(ValidateEmails.java:89)
4) [Email: Gabriel@oceane.biz from postId 21] 
Expecting:
 &lt;false&gt;
to be equal to:
 &lt;true&gt;
but was not.
at ValidateEmails.testPost(ValidateEmails.java:89)
5) [Email: Adolph.Ondricka@mozell.co.uk from postId 21] 
Expecting:
 &lt;false&gt;
to be equal to:
 &lt;true&gt;
but was not.
at ValidateEmails.testPost(ValidateEmails.java:89)
6) [Email: Allen@richard.biz from postId 22] 
Expecting:
 &lt;false&gt;
to be equal to:
 &lt;true&gt;
but was not.
at ValidateEmails.testPost(ValidateEmails.java:89)
7) [Email: Nicholaus@mikayla.ca from postId 22] 
Expecting:
 &lt;false&gt;
to be equal to:
 &lt;true&gt;
but was not.
at ValidateEmails.testPost(ValidateEmails.java:89)
8) [Email: Kayla@susanna.org from postId 22] 
Expecting:
 &lt;false&gt;
to be equal to:
 &lt;true&gt;
but was not.
at ValidateEmails.testPost(ValidateEmails.java:89)
9) [Email: Gideon@amina.name from postId 22] 
Expecting:
 &lt;false&gt;
to be equal to:
 &lt;true&gt;
but was not.
at ValidateEmails.testPost(ValidateEmails.java:89)
10) [Email: Cassidy@maribel.io from postId 22] 
Expecting:
 &lt;false&gt;
to be equal to:
 &lt;true&gt;
but was not.
at ValidateEmails.testPost(ValidateEmails.java:89)
11) [Email: Stefan.Crist@duane.ca from postId 23] 
Expecting:
 &lt;false&gt;
to be equal to:
 &lt;true&gt;
but was not.
at ValidateEmails.testPost(ValidateEmails.java:89)
12) [Email: Aniyah.Ortiz@monte.me from postId 23] 
Expecting:
 &lt;false&gt;
to be equal to:
 &lt;true&gt;
but was not.
at ValidateEmails.testPost(ValidateEmails.java:89)
13) [Email: Laverna@rico.biz from postId 23] 
Expecting:
 &lt;false&gt;
to be equal to:
 &lt;true&gt;
but was not.
at ValidateEmails.testPost(ValidateEmails.java:89)
14) [Email: Derek@hildegard.net from postId 23] 
Expecting:
 &lt;false&gt;
to be equal to:
 &lt;true&gt;
but was not.
at ValidateEmails.testPost(ValidateEmails.java:89)
15) [Email: Tyrell@abdullah.ca from postId 23] 
Expecting:
 &lt;false&gt;
to be equal to:
 &lt;true&gt;
but was not.
at ValidateEmails.testPost(ValidateEmails.java:89)
16) [Email: Reyes@hailey.name from postId 24] 
Expecting:
 &lt;false&gt;
to be equal to:
 &lt;true&gt;
but was not.
at ValidateEmails.testPost(ValidateEmails.java:89)
17) [Email: Danika.Dicki@mekhi.biz from postId 24] 
Expecting:
 &lt;false&gt;
to be equal to:
 &lt;true&gt;
but was not.
at ValidateEmails.testPost(ValidateEmails.java:89)
18) [Email: Alessandra.Nitzsche@stephania.us from postId 24] 
Expecting:
 &lt;false&gt;
to be equal to:
 &lt;true&gt;
but was not.
at ValidateEmails.testPost(ValidateEmails.java:89)
19) [Email: Matteo@marquis.net from postId 24] 
Expecting:
 &lt;false&gt;
to be equal to:
 &lt;true&gt;
but was not.
at ValidateEmails.testPost(ValidateEmails.java:89)
20) [Email: Joshua.Spinka@toby.io from postId 24] 
Expecting:
 &lt;false&gt;
to be equal to:
 &lt;true&gt;
but was not.
at ValidateEmails.testPost(ValidateEmails.java:89)
21) [Email: Annabelle@cole.com from postId 25] 
Expecting:
 &lt;false&gt;
to be equal to:
 &lt;true&gt;
but was not.
at ValidateEmails.testPost(ValidateEmails.java:89)
22) [Email: Kacey@jamal.info from postId 25] 
Expecting:
 &lt;false&gt;
to be equal to:
 &lt;true&gt;
but was not.
at ValidateEmails.testPost(ValidateEmails.java:89)
23) [Email: Mina@mallie.name from postId 25] 
Expecting:
 &lt;false&gt;
to be equal to:
 &lt;true&gt;
but was not.
at ValidateEmails.testPost(ValidateEmails.java:89)
24) [Email: Hudson.Blick@ruben.biz from postId 25] 
Expecting:
 &lt;false&gt;
to be equal to:
 &lt;true&gt;
but was not.
at ValidateEmails.testPost(ValidateEmails.java:89)
25) [Email: Domenic.Durgan@joaquin.name from postId 25] 
Expecting:
 &lt;false&gt;
to be equal to:
 &lt;true&gt;
but was not.
at ValidateEmails.testPost(ValidateEmails.java:89)
26) [Email: Alexie@alayna.org from postId 26] 
Expecting:
 &lt;false&gt;
to be equal to:
 &lt;true&gt;
but was not.
at ValidateEmails.testPost(ValidateEmails.java:89)
27) [Email: Haven_Barrows@brant.org from postId 26] 
Expecting:
 &lt;false&gt;
to be equal to:
 &lt;true&gt;
but was not.
at ValidateEmails.testPost(ValidateEmails.java:89)
28) [Email: Marianne@maximo.us from postId 26] 
Expecting:
 &lt;false&gt;
to be equal to:
 &lt;true&gt;
but was not.
at ValidateEmails.testPost(ValidateEmails.java:89)
29) [Email: Fanny@danial.com from postId 26] 
Expecting:
 &lt;false&gt;
to be equal to:
 &lt;true&gt;
but was not.
at ValidateEmails.testPost(ValidateEmails.java:89)
30) [Email: Trevion_Kuphal@bernice.name from postId 26] 
Expecting:
 &lt;false&gt;
to be equal to:
 &lt;true&gt;
but was not.
at ValidateEmails.testPost(ValidateEmails.java:89)
31) [Email: Emmet@guy.biz from postId 27] 
Expecting:
 &lt;false&gt;
to be equal to:
 &lt;true&gt;
but was not.
at ValidateEmails.testPost(ValidateEmails.java:89)
32) [Email: Megane.Fritsch@claude.name from postId 27] 
Expecting:
 &lt;false&gt;
to be equal to:
 &lt;true&gt;
but was not.
at ValidateEmails.testPost(ValidateEmails.java:89)
33) [Email: Amya@durward.ca from postId 27] 
Expecting:
 &lt;false&gt;
to be equal to:
 &lt;true&gt;
but was not.
at ValidateEmails.testPost(ValidateEmails.java:89)
34) [Email: Jasen_Rempel@willis.org from postId 27] 
Expecting:
 &lt;false&gt;
to be equal to:
 &lt;true&gt;
but was not.
at ValidateEmails.testPost(ValidateEmails.java:89)
35) [Email: Harmony@reggie.com from postId 27] 
Expecting:
 &lt;false&gt;
to be equal to:
 &lt;true&gt;
but was not.
at ValidateEmails.testPost(ValidateEmails.java:89)
36) [Email: Rosanna_Kunze@guy.net from postId 28] 
Expecting:
 &lt;false&gt;
to be equal to:
 &lt;true&gt;
but was not.
at ValidateEmails.testPost(ValidateEmails.java:89)
37) [Email: Ressie.Boehm@flossie.com from postId 28] 
Expecting:
 &lt;false&gt;
to be equal to:
 &lt;true&gt;
but was not.
at ValidateEmails.testPost(ValidateEmails.java:89)
38) [Email: Domenic.Wuckert@jazmyne.us from postId 28] 
Expecting:
 &lt;false&gt;
to be equal to:
 &lt;true&gt;
but was not.
at ValidateEmails.testPost(ValidateEmails.java:89)
39) [Email: Rhett.OKon@brian.info from postId 28] 
Expecting:
 &lt;false&gt;
to be equal to:
 &lt;true&gt;
but was not.
at ValidateEmails.testPost(ValidateEmails.java:89)
40) [Email: Mathias@richmond.info from postId 28] 
Expecting:
 &lt;false&gt;
to be equal to:
 &lt;true&gt;
but was not.
at ValidateEmails.testPost(ValidateEmails.java:89)
41) [Email: Ottis@lourdes.org from postId 29] 
Expecting:
 &lt;false&gt;
to be equal to:
 &lt;true&gt;
but was not.
at ValidateEmails.testPost(ValidateEmails.java:89)
42) [Email: Estel@newton.ca from postId 29] 
Expecting:
 &lt;false&gt;
to be equal to:
 &lt;true&gt;
but was not.
at ValidateEmails.testPost(ValidateEmails.java:89)
43) [Email: Bertha@erik.co.uk from postId 29] 
Expecting:
 &lt;false&gt;
to be equal to:
 &lt;true&gt;
but was not.
at ValidateEmails.testPost(ValidateEmails.java:89)
44) [Email: Joesph@matteo.info from postId 29] 
Expecting:
 &lt;false&gt;
to be equal to:
 &lt;true&gt;
but was not.
at ValidateEmails.testPost(ValidateEmails.java:89)
45) [Email: Alva@cassandre.net from postId 29] 
Expecting:
 &lt;false&gt;
to be equal to:
 &lt;true&gt;
but was not.
at ValidateEmails.testPost(ValidateEmails.java:89)
46) [Email: Vivienne@willis.org from postId 30] 
Expecting:
 &lt;false&gt;
to be equal to:
 &lt;true&gt;
but was not.
at ValidateEmails.testPost(ValidateEmails.java:89)
47) [Email: Angelita@aliza.me from postId 30] 
Expecting:
 &lt;false&gt;
to be equal to:
 &lt;true&gt;
but was not.
at ValidateEmails.testPost(ValidateEmails.java:89)
48) [Email: Timmothy_Okuneva@alyce.tv from postId 30] 
Expecting:
 &lt;false&gt;
to be equal to:
 &lt;true&gt;
but was not.
at ValidateEmails.testPost(ValidateEmails.java:89)
49) [Email: Moriah_Welch@richmond.org from postId 30] 
Expecting:
 &lt;false&gt;
to be equal to:
 &lt;true&gt;
but was not.
at ValidateEmails.testPost(ValidateEmails.java:89)
50) [Email: Ramiro_Kuhn@harmon.biz from postId 30] 
Expecting:
 &lt;false&gt;
to be equal to:
 &lt;true&gt;
but was not.
at ValidateEmails.testPost(ValidateEmails.java:89)
" type="org.assertj.core.api.SoftAssertionError">
      <![CDATA[org.assertj.core.api.SoftAssertionError: 
The following 50 assertions failed:
1) [Email: Lura@rod.tv from postId 21] 
Expecting:
 <false>
to be equal to:
 <true>
but was not.
at ValidateEmails.testPost(ValidateEmails.java:89)
2) [Email: Lottie.Zieme@ruben.us from postId 21] 
Expecting:
 <false>
to be equal to:
 <true>
but was not.
at ValidateEmails.testPost(ValidateEmails.java:89)
3) [Email: Winona_Price@jevon.me from postId 21] 
Expecting:
 <false>
to be equal to:
 <true>
but was not.
at ValidateEmails.testPost(ValidateEmails.java:89)
4) [Email: Gabriel@oceane.biz from postId 21] 
Expecting:
 <false>
to be equal to:
 <true>
but was not.
at ValidateEmails.testPost(ValidateEmails.java:89)
5) [Email: Adolph.Ondricka@mozell.co.uk from postId 21] 
Expecting:
 <false>
to be equal to:
 <true>
but was not.
at ValidateEmails.testPost(ValidateEmails.java:89)
6) [Email: Allen@richard.biz from postId 22] 
Expecting:
 <false>
to be equal to:
 <true>
but was not.
at ValidateEmails.testPost(ValidateEmails.java:89)
7) [Email: Nicholaus@mikayla.ca from postId 22] 
Expecting:
 <false>
to be equal to:
 <true>
but was not.
at ValidateEmails.testPost(ValidateEmails.java:89)
8) [Email: Kayla@susanna.org from postId 22] 
Expecting:
 <false>
to be equal to:
 <true>
but was not.
at ValidateEmails.testPost(ValidateEmails.java:89)
9) [Email: Gideon@amina.name from postId 22] 
Expecting:
 <false>
to be equal to:
 <true>
but was not.
at ValidateEmails.testPost(ValidateEmails.java:89)
10) [Email: Cassidy@maribel.io from postId 22] 
Expecting:
 <false>
to be equal to:
 <true>
but was not.
at ValidateEmails.testPost(ValidateEmails.java:89)
11) [Email: Stefan.Crist@duane.ca from postId 23] 
Expecting:
 <false>
to be equal to:
 <true>
but was not.
at ValidateEmails.testPost(ValidateEmails.java:89)
12) [Email: Aniyah.Ortiz@monte.me from postId 23] 
Expecting:
 <false>
to be equal to:
 <true>
but was not.
at ValidateEmails.testPost(ValidateEmails.java:89)
13) [Email: Laverna@rico.biz from postId 23] 
Expecting:
 <false>
to be equal to:
 <true>
but was not.
at ValidateEmails.testPost(ValidateEmails.java:89)
14) [Email: Derek@hildegard.net from postId 23] 
Expecting:
 <false>
to be equal to:
 <true>
but was not.
at ValidateEmails.testPost(ValidateEmails.java:89)
15) [Email: Tyrell@abdullah.ca from postId 23] 
Expecting:
 <false>
to be equal to:
 <true>
but was not.
at ValidateEmails.testPost(ValidateEmails.java:89)
16) [Email: Reyes@hailey.name from postId 24] 
Expecting:
 <false>
to be equal to:
 <true>
but was not.
at ValidateEmails.testPost(ValidateEmails.java:89)
17) [Email: Danika.Dicki@mekhi.biz from postId 24] 
Expecting:
 <false>
to be equal to:
 <true>
but was not.
at ValidateEmails.testPost(ValidateEmails.java:89)
18) [Email: Alessandra.Nitzsche@stephania.us from postId 24] 
Expecting:
 <false>
to be equal to:
 <true>
but was not.
at ValidateEmails.testPost(ValidateEmails.java:89)
19) [Email: Matteo@marquis.net from postId 24] 
Expecting:
 <false>
to be equal to:
 <true>
but was not.
at ValidateEmails.testPost(ValidateEmails.java:89)
20) [Email: Joshua.Spinka@toby.io from postId 24] 
Expecting:
 <false>
to be equal to:
 <true>
but was not.
at ValidateEmails.testPost(ValidateEmails.java:89)
21) [Email: Annabelle@cole.com from postId 25] 
Expecting:
 <false>
to be equal to:
 <true>
but was not.
at ValidateEmails.testPost(ValidateEmails.java:89)
22) [Email: Kacey@jamal.info from postId 25] 
Expecting:
 <false>
to be equal to:
 <true>
but was not.
at ValidateEmails.testPost(ValidateEmails.java:89)
23) [Email: Mina@mallie.name from postId 25] 
Expecting:
 <false>
to be equal to:
 <true>
but was not.
at ValidateEmails.testPost(ValidateEmails.java:89)
24) [Email: Hudson.Blick@ruben.biz from postId 25] 
Expecting:
 <false>
to be equal to:
 <true>
but was not.
at ValidateEmails.testPost(ValidateEmails.java:89)
25) [Email: Domenic.Durgan@joaquin.name from postId 25] 
Expecting:
 <false>
to be equal to:
 <true>
but was not.
at ValidateEmails.testPost(ValidateEmails.java:89)
26) [Email: Alexie@alayna.org from postId 26] 
Expecting:
 <false>
to be equal to:
 <true>
but was not.
at ValidateEmails.testPost(ValidateEmails.java:89)
27) [Email: Haven_Barrows@brant.org from postId 26] 
Expecting:
 <false>
to be equal to:
 <true>
but was not.
at ValidateEmails.testPost(ValidateEmails.java:89)
28) [Email: Marianne@maximo.us from postId 26] 
Expecting:
 <false>
to be equal to:
 <true>
but was not.
at ValidateEmails.testPost(ValidateEmails.java:89)
29) [Email: Fanny@danial.com from postId 26] 
Expecting:
 <false>
to be equal to:
 <true>
but was not.
at ValidateEmails.testPost(ValidateEmails.java:89)
30) [Email: Trevion_Kuphal@bernice.name from postId 26] 
Expecting:
 <false>
to be equal to:
 <true>
but was not.
at ValidateEmails.testPost(ValidateEmails.java:89)
31) [Email: Emmet@guy.biz from postId 27] 
Expecting:
 <false>
to be equal to:
 <true>
but was not.
at ValidateEmails.testPost(ValidateEmails.java:89)
32) [Email: Megane.Fritsch@claude.name from postId 27] 
Expecting:
 <false>
to be equal to:
 <true>
but was not.
at ValidateEmails.testPost(ValidateEmails.java:89)
33) [Email: Amya@durward.ca from postId 27] 
Expecting:
 <false>
to be equal to:
 <true>
but was not.
at ValidateEmails.testPost(ValidateEmails.java:89)
34) [Email: Jasen_Rempel@willis.org from postId 27] 
Expecting:
 <false>
to be equal to:
 <true>
but was not.
at ValidateEmails.testPost(ValidateEmails.java:89)
35) [Email: Harmony@reggie.com from postId 27] 
Expecting:
 <false>
to be equal to:
 <true>
but was not.
at ValidateEmails.testPost(ValidateEmails.java:89)
36) [Email: Rosanna_Kunze@guy.net from postId 28] 
Expecting:
 <false>
to be equal to:
 <true>
but was not.
at ValidateEmails.testPost(ValidateEmails.java:89)
37) [Email: Ressie.Boehm@flossie.com from postId 28] 
Expecting:
 <false>
to be equal to:
 <true>
but was not.
at ValidateEmails.testPost(ValidateEmails.java:89)
38) [Email: Domenic.Wuckert@jazmyne.us from postId 28] 
Expecting:
 <false>
to be equal to:
 <true>
but was not.
at ValidateEmails.testPost(ValidateEmails.java:89)
39) [Email: Rhett.OKon@brian.info from postId 28] 
Expecting:
 <false>
to be equal to:
 <true>
but was not.
at ValidateEmails.testPost(ValidateEmails.java:89)
40) [Email: Mathias@richmond.info from postId 28] 
Expecting:
 <false>
to be equal to:
 <true>
but was not.
at ValidateEmails.testPost(ValidateEmails.java:89)
41) [Email: Ottis@lourdes.org from postId 29] 
Expecting:
 <false>
to be equal to:
 <true>
but was not.
at ValidateEmails.testPost(ValidateEmails.java:89)
42) [Email: Estel@newton.ca from postId 29] 
Expecting:
 <false>
to be equal to:
 <true>
but was not.
at ValidateEmails.testPost(ValidateEmails.java:89)
43) [Email: Bertha@erik.co.uk from postId 29] 
Expecting:
 <false>
to be equal to:
 <true>
but was not.
at ValidateEmails.testPost(ValidateEmails.java:89)
44) [Email: Joesph@matteo.info from postId 29] 
Expecting:
 <false>
to be equal to:
 <true>
but was not.
at ValidateEmails.testPost(ValidateEmails.java:89)
45) [Email: Alva@cassandre.net from postId 29] 
Expecting:
 <false>
to be equal to:
 <true>
but was not.
at ValidateEmails.testPost(ValidateEmails.java:89)
46) [Email: Vivienne@willis.org from postId 30] 
Expecting:
 <false>
to be equal to:
 <true>
but was not.
at ValidateEmails.testPost(ValidateEmails.java:89)
47) [Email: Angelita@aliza.me from postId 30] 
Expecting:
 <false>
to be equal to:
 <true>
but was not.
at ValidateEmails.testPost(ValidateEmails.java:89)
48) [Email: Timmothy_Okuneva@alyce.tv from postId 30] 
Expecting:
 <false>
to be equal to:
 <true>
but was not.
at ValidateEmails.testPost(ValidateEmails.java:89)
49) [Email: Moriah_Welch@richmond.org from postId 30] 
Expecting:
 <false>
to be equal to:
 <true>
but was not.
at ValidateEmails.testPost(ValidateEmails.java:89)
50) [Email: Ramiro_Kuhn@harmon.biz from postId 30] 
Expecting:
 <false>
to be equal to:
 <true>
but was not.
at ValidateEmails.testPost(ValidateEmails.java:89)

at org.assertj.core.error.AssertionErrorCreator.multipleSoftAssertionsError(AssertionErrorCreator.java:75)
at org.assertj.core.api.SoftAssertions.assertAll(SoftAssertions.java:134)
at qa.tests.ValidateEmails.testPost(ValidateEmails.java:92)
at java.base/jdk.internal.reflect.NativeMethodAccessorImpl.invoke0(Native Method)
at java.base/jdk.internal.reflect.NativeMethodAccessorImpl.invoke(NativeMethodAccessorImpl.java:62)
at java.base/jdk.internal.reflect.DelegatingMethodAccessorImpl.invoke(DelegatingMethodAccessorImpl.java:43)
at java.base/java.lang.reflect.Method.invoke(Method.java:567)
at org.testng.internal.MethodInvocationHelper.invokeMethod(MethodInvocationHelper.java:124)
at org.testng.internal.Invoker.invokeMethod(Invoker.java:583)
at org.testng.internal.Invoker.invokeTestMethod(Invoker.java:719)
at org.testng.internal.Invoker.invokeTestMethods(Invoker.java:989)
at org.testng.internal.TestMethodWorker.invokeTestMethods(TestMethodWorker.java:125)
at org.testng.internal.TestMethodWorker.run(TestMethodWorker.java:109)
at org.testng.TestRunner.privateRun(TestRunner.java:648)
at org.testng.TestRunner.run(TestRunner.java:505)
at org.testng.SuiteRunner.runTest(SuiteRunner.java:455)
at org.testng.SuiteRunner.runSequentially(SuiteRunner.java:450)
at org.testng.SuiteRunner.privateRun(SuiteRunner.java:415)
at org.testng.SuiteRunner.run(SuiteRunner.java:364)
at org.testng.SuiteRunnerWorker.runSuite(SuiteRunnerWorker.java:52)
at org.testng.SuiteRunnerWorker.run(SuiteRunnerWorker.java:84)
at org.testng.TestNG.runSuitesSequentially(TestNG.java:1208)
at org.testng.TestNG.runSuitesLocally(TestNG.java:1137)
at org.testng.TestNG.runSuites(TestNG.java:1049)
at org.testng.TestNG.run(TestNG.java:1017)
at org.apache.maven.surefire.testng.TestNGExecutor.run(TestNGExecutor.java:295)
at org.apache.maven.surefire.testng.TestNGXmlTestSuite.execute(TestNGXmlTestSuite.java:84)
at org.apache.maven.surefire.testng.TestNGProvider.invoke(TestNGProvider.java:90)
at java.base/jdk.internal.reflect.NativeMethodAccessorImpl.invoke0(Native Method)
at java.base/jdk.internal.reflect.NativeMethodAccessorImpl.invoke(NativeMethodAccessorImpl.java:62)
at java.base/jdk.internal.reflect.DelegatingMethodAccessorImpl.invoke(DelegatingMethodAccessorImpl.java:43)
at java.base/java.lang.reflect.Method.invoke(Method.java:567)
at org.apache.maven.surefire.util.ReflectionUtils.invokeMethodWithArray2(ReflectionUtils.java:208)
at org.apache.maven.surefire.booter.ProviderFactory$ProviderProxy.invoke(ProviderFactory.java:155)
at org.apache.maven.surefire.booter.ProviderFactory.invokeProvider(ProviderFactory.java:81)
at org.apache.maven.plugin.surefire.InPluginVMSurefireStarter.runSuitesInProcess(InPluginVMSurefireStarter.java:82)
at org.apache.maven.plugin.surefire.AbstractSurefireMojo.executeProvider(AbstractSurefireMojo.java:974)
at org.apache.maven.plugin.surefire.AbstractSurefireMojo.executeAfterPreconditionsChecked(AbstractSurefireMojo.java:824)
at org.apache.maven.plugin.surefire.AbstractSurefireMojo.execute(AbstractSurefireMojo.java:722)
at org.apache.maven.plugin.DefaultBuildPluginManager.executeMojo(DefaultBuildPluginManager.java:137)
at org.apache.maven.lifecycle.internal.MojoExecutor.execute(MojoExecutor.java:210)
at org.apache.maven.lifecycle.internal.MojoExecutor.execute(MojoExecutor.java:156)
at org.apache.maven.lifecycle.internal.MojoExecutor.execute(MojoExecutor.java:148)
at org.apache.maven.lifecycle.internal.LifecycleModuleBuilder.buildProject(LifecycleModuleBuilder.java:117)
at org.apache.maven.lifecycle.internal.LifecycleModuleBuilder.buildProject(LifecycleModuleBuilder.java:81)
at org.apache.maven.lifecycle.internal.builder.singlethreaded.SingleThreadedBuilder.build(SingleThreadedBuilder.java:56)
at org.apache.maven.lifecycle.internal.LifecycleStarter.execute(LifecycleStarter.java:128)
at org.apache.maven.DefaultMaven.doExecute(DefaultMaven.java:305)
at org.apache.maven.DefaultMaven.doExecute(DefaultMaven.java:192)
at org.apache.maven.DefaultMaven.execute(DefaultMaven.java:105)
at org.apache.maven.cli.MavenCli.execute(MavenCli.java:956)
at org.apache.maven.cli.MavenCli.doMain(MavenCli.java:288)
at org.apache.maven.cli.MavenCli.main(MavenCli.java:192)
at java.base/jdk.internal.reflect.NativeMethodAccessorImpl.invoke0(Native Method)
at java.base/jdk.internal.reflect.NativeMethodAccessorImpl.invoke(NativeMethodAccessorImpl.java:62)
at java.base/jdk.internal.reflect.DelegatingMethodAccessorImpl.invoke(DelegatingMethodAccessorImpl.java:43)
at java.base/java.lang.reflect.Method.invoke(Method.java:567)
at org.codehaus.plexus.classworlds.launcher.Launcher.launchEnhanced(Launcher.java:282)
at org.codehaus.plexus.classworlds.launcher.Launcher.launch(Launcher.java:225)
at org.codehaus.plexus.classworlds.launcher.Launcher.mainWithExitCode(Launcher.java:406)
at org.codehaus.plexus.classworlds.launcher.Launcher.main(Launcher.java:347)
]]>
    </failure>
  </testcase> <!-- testPost -->
</testsuite> <!-- qa.tests.ValidateEmails -->
