<?xml version="1.0" encoding="UTF-8"?>
<!-- Generated by org.testng.reporters.JUnitReportReporter -->
<testsuite hostname="miletic-b-m.local" failures="0" tests="1" name="qa.tests.ValidateEmails" time="4.416" errors="0" timestamp="24 Aug 2019 10:18:51 GMT" skipped="0">
  <testcase classname="qa.tests.ValidateEmails" name="testPost" time="4.416"/>
</testsuite> <!-- qa.tests.ValidateEmails -->
